<?xml version="1.0" encoding="UTF-8"?>
<!-- Generated by org.testng.reporters.JUnitXMLReporter -->
<testsuite ignored="0" hostname="DESKTOP-2LG7EUK" failures="0" tests="1" name="Surefire test" time="2.155" errors="0" timestamp="2025-12-26T17:52:15 IST">
  <testcase classname="com.tourist.BaseTest" name="@AfterMethod tearDown" time="0.16">
    <failure type="java.lang.NullPointerException">
      <![CDATA[java.lang.NullPointerException
at com.tourist.BaseTest.tearDown(BaseTest.java:62)
at java.base/java.util.ArrayList.forEach(ArrayList.java:1541)
... Removed 37 stack frames]]>
    </failure>
  </testcase> <!-- @AfterMethod tearDown -->
  <testcase classname="com.tourist.AppTest" name="testGoogleTitle" time="0.637"/>
</testsuite> <!-- Surefire test -->
